This file contains any messages produced by compilers while
running configure, to aid debugging if configure makes a mistake.

It was created by configure, which was
generated by GNU Autoconf 2.52.20030208.  Invocation command line was

  $ ./configure CC=tcc --enable-wide-chars --disable-16-color --disable-active-icon --disable-ansi-color --disable-blink-cursor --disable-bold-color --disable-box-chars --disable-color-mode --disable-desktop --disable-doublechars --disable-highlighting --disable-imake --disable-rectangles --disable-rightbar --disable-tek4014 --disable-ziconbeep

## ---------- ##
## Platform.  ##
## ---------- ##

hostname = ab
uname -m = x86_64
uname -r = 5.10.0-28-amd64
uname -s = Linux
uname -v = #1 SMP Debian 5.10.209-2 (2024-01-31)

/usr/bin/uname -p = unknown
/bin/uname -X     = unknown

/bin/arch              = x86_64
/usr/bin/arch -k       = unknown
/usr/convex/getsysinfo = unknown
hostinfo               = unknown
/bin/machine           = unknown
/usr/bin/oslevel       = unknown
/bin/universe          = unknown

PATH = /usr/local/bin:/usr/bin:/bin:/usr/local/games:/usr/games

## ------------ ##
## Core tests.  ##
## ------------ ##

configure:1042: PATH=".;."; conftest.sh
./configure: 1043: conftest.sh: not found
configure:1045: $? = 127
configure:1087: checking build system type
configure:1105: result: x86_64-unknown-linux-gnu
configure:1113: checking host system type
configure:1127: result: x86_64-unknown-linux-gnu
configure:1152: result: Configuring for linux-gnu
configure:1217: checking for gcc
configure:1240: result: tcc
configure:1468: checking for C compiler version
configure:1471: tcc --version </dev/null >&5
tcc version 0.9.28rc 2024-03-23 mob@02391334 (x86_64 Linux)
configure:1474: $? = 0
configure:1476: tcc -v </dev/null >&5
tcc version 0.9.28rc 2024-03-23 mob@02391334 (x86_64 Linux)
configure:1479: $? = 0
configure:1481: tcc -V </dev/null >&5
tcc: error: invalid option -- '-V'
configure:1484: $? = 1
configure:1504: checking for C compiler default output
configure:1507: tcc    conftest.c  >&5
configure:1510: $? = 0
configure:1539: result: a.out
configure:1544: checking whether the C compiler works
configure:1550: ./a.out
configure:1553: $? = 0
configure:1568: result: yes
configure:1575: checking whether we are cross compiling
configure:1577: result: no
configure:1580: checking for executable suffix
configure:1582: tcc -o conftest    conftest.c  >&5
configure:1585: $? = 0
configure:1607: result: 
configure:1613: checking for object suffix
configure:1631: tcc -c   conftest.c >&5
configure:1634: $? = 0
configure:1653: result: o
configure:1657: checking whether we are using the GNU C compiler
configure:1678: tcc -c   conftest.c >&5
configure:1669: error: 'choke' undeclared
configure:1681: $? = 1
configure: failed program was:
#line 1663 "configure"
#include "confdefs.h"

int
main ()
{
#ifndef __GNUC__
       choke me
#endif

  ;
  return 0;
}
configure:1699: result: no
configure:1705: checking whether tcc accepts 
configure:1723: tcc -c   conftest.c >&5
configure:1726: $? = 0
configure:1729: test -s conftest.o
configure:1732: $? = 0
configure:1742: result: yes
configure:1769: tcc -c   conftest.c >&5
conftest.c:2: warning: type defaults to int
conftest.c:2: error: ';' expected (got "me")
configure:1772: $? = 1
configure: failed program was:
#ifndef __cplusplus
  choke me
#endif
configure:1875: checking how to run the C preprocessor
configure:1901: tcc -E  conftest.c
configure:1907: $? = 0
configure:1934: tcc -E  conftest.c
configure:1931: error: include file 'ac_nonexistent.h' not found
configure:1940: $? = 1
configure: failed program was:
#line 1930 "configure"
#include "confdefs.h"
#include <ac_nonexistent.h>
configure:1977: result: tcc -E
configure:1992: tcc -E  conftest.c
configure:1998: $? = 0
configure:2025: tcc -E  conftest.c
configure:2022: error: include file 'ac_nonexistent.h' not found
configure:2031: $? = 1
configure: failed program was:
#line 2021 "configure"
#include "confdefs.h"
#include <ac_nonexistent.h>
configure:2117: checking for mawk
configure:2132: found /usr/bin/mawk
configure:2140: result: mawk
configure:2162: checking for a BSD compatible install
configure:2211: result: /usr/bin/install -c
configure:2222: checking whether ln -s works
configure:2226: result: yes
configure:2250: checking for tdlint
configure:2276: result: no
configure:2250: checking for lint
configure:2276: result: no
configure:2250: checking for alint
configure:2276: result: no
configure:2285: checking for AIX
configure:2304: result: no
configure:2309: checking for POSIXized ISC
configure:2328: result: no
configure:2335: checking for tcc option to accept ANSI C
configure:2450: tcc -c   -DCC_HAS_PROTOS  conftest.c >&5
configure:2453: $? = 0
configure:2456: test -s conftest.o
configure:2459: $? = 0
configure:2472: result: -DCC_HAS_PROTOS
configure:2554: checking for tcc option to accept ANSI C
configure:2611: tcc  -c   conftest.c >&5
configure:2614: $? = 0
configure:2617: test -s conftest.o
configure:2620: $? = 0
configure:2637: result: none needed
configure:2645: checking for an ANSI C-conforming const
configure:2709: tcc -c   conftest.c >&5
configure:2712: $? = 0
configure:2715: test -s conftest.o
configure:2718: $? = 0
configure:2728: result: yes
configure:2755: checking if tcc -U and -D options work together
configure:2783: tcc -c  -UU_D_OPTIONS -DU_D_OPTIONS -DD_U_OPTIONS -UD_U_OPTIONS conftest.c >&5
configure:2786: $? = 0
configure:2789: test -s conftest.o
configure:2792: $? = 0
configure:2806: result: yes
configure:2832: checking if we must define _GNU_SOURCE
configure:2854: tcc -c   conftest.c >&5
configure:2846: error: 'make' undeclared
configure:2857: $? = 1
configure: failed program was:
#line 2839 "configure"
#include "confdefs.h"
#include <sys/types.h>
int
main ()
{

#ifndef _XOPEN_SOURCE
make an error
#endif
  ;
  return 0;
}
configure:2887: tcc -c   -D_GNU_SOURCE conftest.c >&5
configure:2879: error: 'make' undeclared
configure:2890: $? = 1
configure: failed program was:
#line 2872 "configure"
#include "confdefs.h"
#include <sys/types.h>
int
main ()
{

#ifdef _XOPEN_SOURCE
make an error
#endif
  ;
  return 0;
}
configure:2911: result: yes
configure:3205: checking if SIGWINCH is defined
configure:3227: tcc -c   -D_GNU_SOURCE conftest.c >&5
configure:3230: $? = 0
configure:3233: test -s conftest.o
configure:3236: $? = 0
configure:3284: result: yes
configure:3363: checking for ncurses/term.h
configure:3373: tcc -E  -D_GNU_SOURCE conftest.c
configure:3370: error: include file 'ncurses/term.h' not found
configure:3379: $? = 1
configure: failed program was:
#line 3369 "configure"
#include "confdefs.h"
#include <ncurses/term.h>
configure:3398: result: no
configure:3363: checking for stdlib.h
configure:3373: tcc -E  -D_GNU_SOURCE conftest.c
configure:3379: $? = 0
configure:3398: result: yes
configure:3363: checking for termios.h
configure:3373: tcc -E  -D_GNU_SOURCE conftest.c
configure:3379: $? = 0
configure:3398: result: yes
configure:3363: checking for unistd.h
configure:3373: tcc -E  -D_GNU_SOURCE conftest.c
configure:3379: $? = 0
configure:3398: result: yes
configure:3363: checking for wchar.h
configure:3373: tcc -E  -D_GNU_SOURCE conftest.c
configure:3379: $? = 0
configure:3398: result: yes
configure:3408: checking whether time.h and sys/time.h may both be included
configure:3430: tcc -c   -D_GNU_SOURCE conftest.c >&5
configure:3433: $? = 0
configure:3436: test -s conftest.o
configure:3439: $? = 0
configure:3449: result: yes
configure:3459: checking for nl_langinfo and CODESET
configure:3477: tcc -o conftest   -D_GNU_SOURCE  conftest.c  >&5
configure:3480: $? = 0
configure:3483: test -s conftest
configure:3486: $? = 0
configure:3497: result: yes
configure:3509: checking for signal global datatype
configure:3544: tcc -c   -D_GNU_SOURCE conftest.c >&5
configure:3547: $? = 0
configure:3550: test -s conftest.o
configure:3553: $? = 0
configure:3567: result: volatile sig_atomic_t
configure:3573: checking for size_t in <sys/types.h> or <stdio.h>
configure:3598: tcc -c   -D_GNU_SOURCE conftest.c >&5
configure:3601: $? = 0
configure:3604: test -s conftest.o
configure:3607: $? = 0
configure:3619: result: yes
configure:3625: checking for ANSI C header files
configure:3639: tcc -E  -D_GNU_SOURCE conftest.c
configure:3645: $? = 0
configure:3732: tcc -o conftest   -D_GNU_SOURCE  conftest.c  >&5
configure:3724: warning: implicit declaration of function 'exit'
configure:3735: $? = 0
configure:3737: ./conftest
configure:3740: $? = 0
configure:3753: result: yes
configure:3769: checking for sys/types.h
configure:3781: tcc -c   -D_GNU_SOURCE conftest.c >&5
configure:3784: $? = 0
configure:3787: test -s conftest.o
configure:3790: $? = 0
configure:3800: result: yes
configure:3769: checking for sys/stat.h
configure:3781: tcc -c   -D_GNU_SOURCE conftest.c >&5
configure:3784: $? = 0
configure:3787: test -s conftest.o
configure:3790: $? = 0
configure:3800: result: yes
configure:3769: checking for stdlib.h
configure:3800: result: yes
configure:3769: checking for string.h
configure:3781: tcc -c   -D_GNU_SOURCE conftest.c >&5
configure:3784: $? = 0
configure:3787: test -s conftest.o
configure:3790: $? = 0
configure:3800: result: yes
configure:3769: checking for memory.h
configure:3781: tcc -c   -D_GNU_SOURCE conftest.c >&5
configure:3784: $? = 0
configure:3787: test -s conftest.o
configure:3790: $? = 0
configure:3800: result: yes
configure:3769: checking for strings.h
configure:3781: tcc -c   -D_GNU_SOURCE conftest.c >&5
configure:3784: $? = 0
configure:3787: test -s conftest.o
configure:3790: $? = 0
configure:3800: result: yes
configure:3769: checking for inttypes.h
configure:3781: tcc -c   -D_GNU_SOURCE conftest.c >&5
configure:3784: $? = 0
configure:3787: test -s conftest.o
configure:3790: $? = 0
configure:3800: result: yes
configure:3769: checking for stdint.h
configure:3781: tcc -c   -D_GNU_SOURCE conftest.c >&5
configure:3784: $? = 0
configure:3787: test -s conftest.o
configure:3790: $? = 0
configure:3800: result: yes
configure:3769: checking for unistd.h
configure:3800: result: yes
configure:3810: checking for time_t
configure:3831: tcc -c   -D_GNU_SOURCE conftest.c >&5
configure:3834: $? = 0
configure:3837: test -s conftest.o
configure:3840: $? = 0
configure:3850: result: yes
configure:3862: checking for mode_t
configure:3883: tcc -c   -D_GNU_SOURCE conftest.c >&5
configure:3886: $? = 0
configure:3889: test -s conftest.o
configure:3892: $? = 0
configure:3902: result: yes
configure:3914: checking for pid_t
configure:3935: tcc -c   -D_GNU_SOURCE conftest.c >&5
configure:3938: $? = 0
configure:3941: test -s conftest.o
configure:3944: $? = 0
configure:3954: result: yes
configure:3966: checking for uid_t in sys/types.h
configure:3986: result: yes
configure:4000: checking for off_t
configure:4021: tcc -c   -D_GNU_SOURCE conftest.c >&5
configure:4024: $? = 0
configure:4027: test -s conftest.o
configure:4030: $? = 0
configure:4040: result: yes
configure:4069: checking for bcopy
configure:4106: tcc -o conftest   -D_GNU_SOURCE  conftest.c  >&5
configure:4109: $? = 0
configure:4112: test -s conftest
configure:4115: $? = 0
configure:4125: result: yes
configure:4069: checking for gethostname
configure:4106: tcc -o conftest   -D_GNU_SOURCE  conftest.c  >&5
configure:4109: $? = 0
configure:4112: test -s conftest
configure:4115: $? = 0
configure:4125: result: yes
configure:4069: checking for getlogin
configure:4106: tcc -o conftest   -D_GNU_SOURCE  conftest.c  >&5
configure:4109: $? = 0
configure:4112: test -s conftest
configure:4115: $? = 0
configure:4125: result: yes
configure:4069: checking for memmove
configure:4106: tcc -o conftest   -D_GNU_SOURCE  conftest.c  >&5
configure:4109: $? = 0
configure:4112: test -s conftest
configure:4115: $? = 0
configure:4125: result: yes
configure:4069: checking for putenv
configure:4106: tcc -o conftest   -D_GNU_SOURCE  conftest.c  >&5
configure:4109: $? = 0
configure:4112: test -s conftest
configure:4115: $? = 0
configure:4125: result: yes
configure:4069: checking for sched_yield
configure:4106: tcc -o conftest   -D_GNU_SOURCE  conftest.c  >&5
configure:4109: $? = 0
configure:4112: test -s conftest
configure:4115: $? = 0
configure:4125: result: yes
configure:4069: checking for strerror
configure:4106: tcc -o conftest   -D_GNU_SOURCE  conftest.c  >&5
configure:4109: $? = 0
configure:4112: test -s conftest
configure:4115: $? = 0
configure:4125: result: yes
configure:4069: checking for strftime
configure:4106: tcc -o conftest   -D_GNU_SOURCE  conftest.c  >&5
configure:4109: $? = 0
configure:4112: test -s conftest
configure:4115: $? = 0
configure:4125: result: yes
configure:4069: checking for tcgetattr
configure:4106: tcc -o conftest   -D_GNU_SOURCE  conftest.c  >&5
configure:4109: $? = 0
configure:4112: test -s conftest
configure:4115: $? = 0
configure:4125: result: yes
configure:4069: checking for waitpid
configure:4106: tcc -o conftest   -D_GNU_SOURCE  conftest.c  >&5
configure:4109: $? = 0
configure:4112: test -s conftest
configure:4115: $? = 0
configure:4125: result: yes
configure:4069: checking for wcswidth
configure:4106: tcc -o conftest   -D_GNU_SOURCE  conftest.c  >&5
configure:4109: $? = 0
configure:4112: test -s conftest
configure:4115: $? = 0
configure:4125: result: yes
configure:4069: checking for wcwidth
configure:4106: tcc -o conftest   -D_GNU_SOURCE  conftest.c  >&5
configure:4109: $? = 0
configure:4112: test -s conftest
configure:4115: $? = 0
configure:4125: result: yes
configure:4135: checking for memmove
configure:4191: result: yes
configure:4326: checking for lastlog.h
configure:4336: tcc -E  -D_GNU_SOURCE conftest.c
configure:4342: $? = 0
configure:4361: result: yes
configure:4326: checking for paths.h
configure:4336: tcc -E  -D_GNU_SOURCE conftest.c
configure:4342: $? = 0
configure:4361: result: yes
configure:4371: checking for lastlog path
configure:4398: tcc -c   -D_GNU_SOURCE conftest.c >&5
configure:4401: $? = 0
configure:4404: test -s conftest.o
configure:4407: $? = 0
configure:4422: result: _PATH_LASTLOG
configure:4428: checking for utmp implementation
configure:4459: tcc -c   -D_GNU_SOURCE conftest.c >&5
In file included from configure:4451:
In file included from /usr/include/lastlog.h:4:
/usr/include/utmp.h:62: error: incompatible types for redefinition of 'getutxent'
configure:4462: $? = 1
configure: failed program was:
#line 4445 "configure"
#include "confdefs.h"

#include <sys/types.h>
#include <utmpx.h>
#define getutent getutxent
#ifdef USE_LASTLOG
#include <lastlog.h>	/* may conflict with utmpx.h on Linux */
#endif

int
main ()
{
struct utmpx x;
	 char *name = x.ut_name; /* utmp.h and compatible definitions */

  ;
  return 0;
}
configure:4491: tcc -c   -D_GNU_SOURCE conftest.c >&5
In file included from configure:4483:
In file included from /usr/include/lastlog.h:4:
/usr/include/utmp.h:62: error: incompatible types for redefinition of 'getutxent'
configure:4494: $? = 1
configure: failed program was:
#line 4477 "configure"
#include "confdefs.h"

#include <sys/types.h>
#include <utmpx.h>
#define getutent getutxent
#ifdef USE_LASTLOG
#include <lastlog.h>	/* may conflict with utmpx.h on Linux */
#endif

int
main ()
{
struct utmpx x;
	 char *name = x.ut_user; /* utmpx.h must declare this */

  ;
  return 0;
}
configure:4459: tcc -c   -D_GNU_SOURCE conftest.c >&5
configure:4462: $? = 0
configure:4465: test -s conftest.o
configure:4468: $? = 0
configure:4515: result: utmp
configure:4528: checking if utmp.ut_host is declared
configure:4549: tcc -c   -D_GNU_SOURCE conftest.c >&5
configure:4552: $? = 0
configure:4555: test -s conftest.o
configure:4558: $? = 0
configure:4570: result: yes
configure:4579: checking if utmp.ut_name is declared
configure:4610: tcc -c   -D_GNU_SOURCE conftest.c >&5
configure:4613: $? = 0
configure:4616: test -s conftest.o
configure:4619: $? = 0
configure:4631: result: ut_name
configure:4650: checking for exit-status in utmp
configure:4677: tcc -c   -D_GNU_SOURCE conftest.c >&5
configure:4670: error: field not found: __e_exit
configure:4680: $? = 1
configure: failed program was:
#line 4663 "configure"
#include "confdefs.h"

#include <sys/types.h>
#include <utmp.h>
int
main ()
{
struct utmp x; long y = x.ut_exit.__e_exit = 0
  ;
  return 0;
}
configure:4677: tcc -c   -D_GNU_SOURCE conftest.c >&5
configure:4680: $? = 0
configure:4683: test -s conftest.o
configure:4686: $? = 0
configure:4699: result: ut_exit.e_exit
configure:4714: checking if utmp.ut_xtime is declared
configure:4735: tcc -c   -D_GNU_SOURCE conftest.c >&5
configure:4738: $? = 0
configure:4741: test -s conftest.o
configure:4744: $? = 0
configure:4788: result: yes
configure:4805: checking if utmp.ut_session is declared
configure:4826: tcc -c   -D_GNU_SOURCE conftest.c >&5
configure:4829: $? = 0
configure:4832: test -s conftest.o
configure:4835: $? = 0
configure:4846: result: yes
configure:4856: checking if utmp is SYSV flavor
configure:4883: tcc -o conftest   -D_GNU_SOURCE  conftest.c  >&5
configure:4886: $? = 0
configure:4889: test -s conftest
configure:4892: $? = 0
configure:4903: result: yes
configure:4914: checking for lastlog.h
configure:4949: result: yes
configure:4959: checking for struct lastlog
configure:4984: tcc -o conftest   -D_GNU_SOURCE  conftest.c  >&5
configure:4987: $? = 0
configure:4989: ./conftest
configure:4992: $? = 1
configure: program exited with status 1
configure: failed program was:
#line 4970 "configure"
#include "confdefs.h"

#include <sys/types.h>
#include <time.h>
#include <lastlog.h>

int main()
{
	struct lastlog data;
	return (sizeof(data.ll_time) != sizeof(time_t));
}
configure:5006: result: no
configure:5018: checking for sys/param.h
configure:5028: tcc -E  -D_GNU_SOURCE conftest.c
configure:5034: $? = 0
configure:5053: result: yes
configure:5063: checking if POSIX saved-ids are supported
configure:5098: tcc -o conftest   -D_GNU_SOURCE  conftest.c  >&5
configure:5101: $? = 0
configure:5104: test -s conftest
configure:5107: $? = 0
configure:5158: result: yes
configure:5173: checking if we want full tgetent function
configure:5190: result: yes
configure:5199: checking for full tgetent function
configure:5236: tcc -o conftest   -D_GNU_SOURCE  conftest.c  >&5
configure:5231: warning: implicit declaration of function 'tgetent'
configure:5232: warning: implicit declaration of function 'exit'
tcc: error: undefined symbol 'tgetent'
configure:5239: $? = 1
configure: program exited with status 1
configure: failed program was:
#line 5221 "configure"
#include "confdefs.h"

/* terminfo implementations ignore the buffer argument, making it useless for
 * the xterm application, which uses this information to make a new TERMCAP
 * environment variable.
 */
int main()
{
	char buffer[1024];
	buffer[0] = 0;
	tgetent(buffer, "vt100");
	exit(buffer[0] == 0); }
no, there is no termcap/tgetent in 
configure:5236: tcc -o conftest   -D_GNU_SOURCE  conftest.c  -ltermcap >&5
configure:5231: warning: implicit declaration of function 'tgetent'
configure:5232: warning: implicit declaration of function 'exit'
configure:5239: $? = 0
configure:5241: ./conftest
configure:5244: $? = 1
configure: program exited with status 1
configure: failed program was:
#line 5221 "configure"
#include "confdefs.h"

/* terminfo implementations ignore the buffer argument, making it useless for
 * the xterm application, which uses this information to make a new TERMCAP
 * environment variable.
 */
int main()
{
	char buffer[1024];
	buffer[0] = 0;
	tgetent(buffer, "vt100");
	exit(buffer[0] == 0); }
no, there is no termcap/tgetent in termcap
configure:5236: tcc -o conftest   -D_GNU_SOURCE  conftest.c  -ltermlib >&5
configure:5231: warning: implicit declaration of function 'tgetent'
configure:5232: warning: implicit declaration of function 'exit'
tcc: error: library 'termlib' not found
configure:5239: $? = 1
configure: program exited with status 1
configure: failed program was:
#line 5221 "configure"
#include "confdefs.h"

/* terminfo implementations ignore the buffer argument, making it useless for
 * the xterm application, which uses this information to make a new TERMCAP
 * environment variable.
 */
int main()
{
	char buffer[1024];
	buffer[0] = 0;
	tgetent(buffer, "vt100");
	exit(buffer[0] == 0); }
no, there is no termcap/tgetent in termlib
configure:5236: tcc -o conftest   -D_GNU_SOURCE  conftest.c  -lncurses >&5
configure:5231: warning: implicit declaration of function 'tgetent'
configure:5232: warning: implicit declaration of function 'exit'
configure:5239: $? = 0
configure:5241: ./conftest
configure:5244: $? = 1
configure: program exited with status 1
configure: failed program was:
#line 5221 "configure"
#include "confdefs.h"

/* terminfo implementations ignore the buffer argument, making it useless for
 * the xterm application, which uses this information to make a new TERMCAP
 * environment variable.
 */
int main()
{
	char buffer[1024];
	buffer[0] = 0;
	tgetent(buffer, "vt100");
	exit(buffer[0] == 0); }
no, there is no termcap/tgetent in ncurses
configure:5236: tcc -o conftest   -D_GNU_SOURCE  conftest.c  -lcurses >&5
configure:5231: warning: implicit declaration of function 'tgetent'
configure:5232: warning: implicit declaration of function 'exit'
configure:5239: $? = 0
configure:5241: ./conftest
configure:5244: $? = 1
configure: program exited with status 1
configure: failed program was:
#line 5221 "configure"
#include "confdefs.h"

/* terminfo implementations ignore the buffer argument, making it useless for
 * the xterm application, which uses this information to make a new TERMCAP
 * environment variable.
 */
int main()
{
	char buffer[1024];
	buffer[0] = 0;
	tgetent(buffer, "vt100");
	exit(buffer[0] == 0); }
no, there is no termcap/tgetent in curses
configure:5265: result: no
configure:5321: checking for partial tgetent function
configure:5343: tcc -o conftest   -D_GNU_SOURCE  conftest.c  -ltermcap >&5
configure:5336: warning: implicit declaration of function 'tgetent'
configure:5346: $? = 0
configure:5349: test -s conftest
configure:5352: $? = 0
there is a terminfo/tgetent in termcap
configure:5366: result: -ltermcap
configure:5375: checking for termcap.h
configure:5385: tcc -E  -D_GNU_SOURCE conftest.c
configure:5391: $? = 0
configure:5410: result: yes
configure:5429: checking for directory to install resource files
configure:5472: result: '$(exec_prefix)/lib/X11/app-defaults'
configure:5480: checking for install-permissions reference
configure:5490: result: xterm
configure:5500: checking for xterm
configure:5517: found /usr/local/bin/xterm
configure:5528: result: /usr/local/bin/xterm
(line 5599) testing defining path for /usr/local/bin/xterm ...
configure:5619: checking for symbolic link to create to xterm
configure:5629: result: xterm
configure:5638: checking if you want to disable setuid
configure:5655: result: no
configure:5658: checking if you want to run xterm setuid to a given user
configure:5668: result: no
configure:5680: checking if you want to run xterm setgid to match utmp/utmpx file
configure:5690: result: no
configure:5762: checking if you want to link with utempter
configure:5772: result: no
configure:5841: checking if external errno is declared
configure:5866: tcc -c   -D_GNU_SOURCE conftest.c >&5
configure:5869: $? = 0
configure:5872: test -s conftest.o
configure:5875: $? = 0
configure:5886: result: yes
configure:5901: checking if external errno exists
configure:5923: tcc -o conftest   -D_GNU_SOURCE  conftest.c  -ltermcap >&5
configure:5926: $? = 0
configure:5929: test -s conftest
configure:5932: $? = 0
configure:5943: result: yes
configure:5956: checking for explicit tty group name
configure:5968: result: auto...
configure:5972: checking for tty group name
configure:6025: result: tty
configure:6044: checking if we may use the tty group
configure:6083: tcc -o conftest   -D_GNU_SOURCE  conftest.c  -ltermcap >&5
configure:6075: warning: implicit declaration of function 'exit'
configure:6086: $? = 0
configure:6088: ./conftest
configure:6091: $? = 0
configure:6109: result: yes
configure:6124: checking for sys/wait.h that is POSIX.1 compatible
configure:6152: tcc -c   -D_GNU_SOURCE conftest.c >&5
configure:6155: $? = 0
configure:6158: test -s conftest.o
configure:6161: $? = 0
configure:6171: result: yes
configure:6181: checking for POSIX wait functions
configure:6211: tcc -o conftest   -D_GNU_SOURCE  conftest.c  -ltermcap >&5
configure:6214: $? = 0
configure:6217: test -s conftest
configure:6220: $? = 0
configure:6231: result: yes
configure:6237: checking if external sys_nerr is declared
configure:6262: tcc -c   -D_GNU_SOURCE conftest.c >&5
configure:6265: $? = 0
configure:6268: test -s conftest.o
configure:6271: $? = 0
configure:6282: result: yes
configure:6297: checking if external sys_nerr exists
configure:6319: tcc -o conftest   -D_GNU_SOURCE  conftest.c  -ltermcap >&5
configure:6322: $? = 0
configure:6325: test -s conftest
configure:6328: $? = 0
configure:6339: result: yes
configure:6352: checking if external sys_errlist is declared
configure:6377: tcc -c   -D_GNU_SOURCE conftest.c >&5
configure:6380: $? = 0
configure:6383: test -s conftest.o
configure:6386: $? = 0
configure:6397: result: yes
configure:6412: checking if external sys_errlist exists
configure:6434: tcc -o conftest   -D_GNU_SOURCE  conftest.c  -ltermcap >&5
configure:6437: $? = 0
configure:6440: test -s conftest
configure:6443: $? = 0
configure:6454: result: yes
configure:6474: checking for termios.h
configure:6509: result: yes
configure:6474: checking for stdlib.h
configure:6509: result: yes
configure:6474: checking for X11/Intrinsic.h
configure:6484: tcc -E  -D_GNU_SOURCE conftest.c
configure:6490: $? = 0
configure:6509: result: yes
configure:6519: checking if we should define SYSV
configure:6570: tcc -c   -D_GNU_SOURCE conftest.c >&5
configure:6545: error: include file 'sys/termio.h' not found
configure:6573: $? = 1
configure: failed program was:
#line 6526 "configure"
#include "confdefs.h"

#undef  SYSV
#define SYSV 1			/* get Xos.h to declare sys_errlist[] */
#ifdef HAVE_STDLIB_H
#include <stdlib.h>		/* look for wchar_t */
#endif
#ifdef HAVE_X11_INTRINSIC_H
#include <X11/Intrinsic.h>	/* Intrinsic.h has other traps... */
#endif
#ifdef HAVE_TERMIOS_H		/* needed for HPUX 10.20 */
#include <termios.h>
#define STRUCT_TERMIOS struct termios
#else
#define STRUCT_TERMIOS struct termio
#endif
#include <curses.h>
#include <term.h>		/* eliminate most BSD hacks */
#include <errno.h>		/* declare sys_errlist on older systems */
#include <sys/termio.h>		/* eliminate most of the remaining ones */

int
main ()
{

static STRUCT_TERMIOS d_tio;
	d_tio.c_cc[VINTR] = 0;
	d_tio.c_cc[VQUIT] = 0;
	d_tio.c_cc[VERASE] = 0;
	d_tio.c_cc[VKILL] = 0;
	d_tio.c_cc[VEOF] = 0;
	d_tio.c_cc[VEOL] = 0;
	d_tio.c_cc[VMIN] = 0;
	d_tio.c_cc[VTIME] = 0;
#if defined(HAVE_SYS_ERRLIST) && !defined(DECL_SYS_ERRLIST)
sys_errlist[0] = "";		/* Cygwin mis-declares this */
#endif

  ;
  return 0;
}
configure:6590: result: no
configure:6596: checking for elf_begin in -lelf
configure:6623: tcc -o conftest   -D_GNU_SOURCE  conftest.c -lelf   -ltermcap >&5
tcc: error: library 'elf' not found
configure:6626: $? = 1
configure: failed program was:
#line 6604 "configure"
#include "confdefs.h"

/* Override any gcc2 internal prototype to avoid an error.  */
#ifdef __cplusplus
extern "C"
#endif
/* We use char because int might match the return type of a gcc2
   builtin and then its argument prototype would still apply.  */
char elf_begin ();
int
main ()
{
elf_begin ();
  ;
  return 0;
}
configure:6643: result: no
configure:6709: checking for X
configure:6810: tcc -E  -D_GNU_SOURCE conftest.c
configure:6816: $? = 0
configure:6861: tcc -o conftest   -D_GNU_SOURCE  conftest.c -lXt  -ltermcap >&5
configure:6864: $? = 0
configure:6867: test -s conftest
configure:6870: $? = 0
configure:6918: result: libraries , headers 
configure:7057: tcc -o conftest   -D_GNU_SOURCE  conftest.c  -ltermcap  -lX11 >&5
configure:7060: $? = 0
configure:7063: test -s conftest
configure:7066: $? = 0
configure:7192: checking for gethostbyname
configure:7229: tcc -o conftest   -D_GNU_SOURCE  conftest.c  -ltermcap >&5
configure:7232: $? = 0
configure:7235: test -s conftest
configure:7238: $? = 0
configure:7248: result: yes
configure:7369: checking for connect
configure:7406: tcc -o conftest   -D_GNU_SOURCE  conftest.c  -ltermcap >&5
configure:7409: $? = 0
configure:7412: test -s conftest
configure:7415: $? = 0
configure:7425: result: yes
configure:7485: checking for remove
configure:7522: tcc -o conftest   -D_GNU_SOURCE  conftest.c  -ltermcap >&5
configure:7525: $? = 0
configure:7528: test -s conftest
configure:7531: $? = 0
configure:7541: result: yes
configure:7601: checking for shmat
configure:7638: tcc -o conftest   -D_GNU_SOURCE  conftest.c  -ltermcap >&5
configure:7641: $? = 0
configure:7644: test -s conftest
configure:7647: $? = 0
configure:7657: result: yes
configure:7726: checking for IceConnectionNumber in -lICE
configure:7753: tcc -o conftest   -D_GNU_SOURCE  conftest.c -lICE   -ltermcap >&5
configure:7756: $? = 0
configure:7759: test -s conftest
configure:7762: $? = 0
configure:7773: result: yes
configure:7905: checking for XOpenDisplay
configure:7942: tcc -o conftest   -D_GNU_SOURCE   conftest.c  -ltermcap >&5
tcc: error: undefined symbol 'XOpenDisplay'
configure:7945: $? = 1
configure: failed program was:
#line 7911 "configure"
#include "confdefs.h"
/* System header to define __stub macros and hopefully few prototypes,
    which can conflict with char XOpenDisplay (); below.  */
#include <assert.h>
/* Override any gcc2 internal prototype to avoid an error.  */
#ifdef __cplusplus
extern "C"
#endif
/* We use char because int might match the return type of a gcc2
   builtin and then its argument prototype would still apply.  */
char XOpenDisplay ();
char (*f) ();

int
main ()
{
/* The GNU C library defines this for functions which it implements
    to always fail with ENOSYS.  Some functions are actually named
    something starting with __ and the normal name is an alias.  */
#if defined (__stub_XOpenDisplay) || defined (__stub___XOpenDisplay)
choke me
#else
f = XOpenDisplay;
#endif

  ;
  return 0;
}
configure:7961: result: no
configure:7967: checking for XOpenDisplay in -lX11
configure:7994: tcc -o conftest   -D_GNU_SOURCE   conftest.c -lX11  -lSM -lICE  -ltermcap   -ltermcap >&5
configure:7997: $? = 0
configure:8000: test -s conftest
configure:8003: $? = 0
configure:8014: result: yes
configure:8022: checking for XtAppInitialize
configure:8059: tcc -o conftest   -D_GNU_SOURCE   conftest.c -lX11  -ltermcap >&5
tcc: error: undefined symbol 'XtAppInitialize'
configure:8062: $? = 1
configure: failed program was:
#line 8028 "configure"
#include "confdefs.h"
/* System header to define __stub macros and hopefully few prototypes,
    which can conflict with char XtAppInitialize (); below.  */
#include <assert.h>
/* Override any gcc2 internal prototype to avoid an error.  */
#ifdef __cplusplus
extern "C"
#endif
/* We use char because int might match the return type of a gcc2
   builtin and then its argument prototype would still apply.  */
char XtAppInitialize ();
char (*f) ();

int
main ()
{
/* The GNU C library defines this for functions which it implements
    to always fail with ENOSYS.  Some functions are actually named
    something starting with __ and the normal name is an alias.  */
#if defined (__stub_XtAppInitialize) || defined (__stub___XtAppInitialize)
choke me
#else
f = XtAppInitialize;
#endif

  ;
  return 0;
}
configure:8078: result: no
configure:8084: checking for XtAppInitialize in -lXt
configure:8111: tcc -o conftest   -D_GNU_SOURCE   conftest.c -lXt  -lSM -lICE -lX11  -ltermcap  -lX11  -ltermcap >&5
configure:8114: $? = 0
configure:8117: test -s conftest
configure:8120: $? = 0
configure:8131: result: yes
configure:8160: checking for X11/DECkeysym.h
configure:8170: tcc -E  -D_GNU_SOURCE conftest.c
configure:8176: $? = 0
configure:8195: result: yes
configure:8160: checking for X11/Sunkeysym.h
configure:8170: tcc -E  -D_GNU_SOURCE conftest.c
configure:8176: $? = 0
configure:8195: result: yes
configure:8160: checking for X11/Xpoll.h
configure:8170: tcc -E  -D_GNU_SOURCE conftest.c
configure:8176: $? = 0
configure:8195: result: yes
configure:8207: checking if you want to link with Xaw 3d library
configure:8221: result: no
configure:8225: checking if you want to link with neXT Athena library
configure:8239: result: no
configure:8243: checking if you want to link with Athena-Plus library
configure:8257: result: no
configure:8261: checking for XextCreateExtension in -lXext
configure:8288: tcc -o conftest   -D_GNU_SOURCE   conftest.c -lXext  -lXt  -lSM -lICE -lX11  -ltermcap  >&5
configure:8291: $? = 0
configure:8294: test -s conftest
configure:8297: $? = 0
configure:8308: result: yes
configure:8333: checking for X11/Xaw/SimpleMenu.h
configure:8351: tcc -c   -D_GNU_SOURCE conftest.c >&5
configure:8354: $? = 0
configure:8357: test -s conftest.o
configure:8360: $? = 0
configure:8369: result: yes
configure:8410: checking for XawSimpleMenuAddGlobalActions in -lXaw -lXmu
configure:8426: tcc -o conftest   -D_GNU_SOURCE   conftest.c -lXaw -lXmu -lXext -lXt  -lSM -lICE -lX11  -ltermcap  >&5
configure:8419: warning: implicit declaration of function 'XawSimpleMenuAddGlobalActions'
configure:8429: $? = 0
configure:8432: test -s conftest
configure:8435: $? = 0
configure:8444: result: yes
configure:8467: checking for declaration of fd_set
trying sys/types alone
configure:8487: tcc -c   -D_GNU_SOURCE conftest.c >&5
configure:8490: $? = 0
configure:8493: test -s conftest.o
configure:8496: $? = 0
configure:8573: result: sys/types.h
configure:8582: checking for IRIX 6.5 baud-rate redefinitions
configure:8607: tcc -c   -D_GNU_SOURCE conftest.c >&5
configure:8592: error: include file 'sys/termio.h' not found
configure:8610: $? = 1
configure: failed program was:
#line 8589 "configure"
#include "confdefs.h"

#include <sys/types.h>
#include <sys/termio.h>
int
main ()
{

struct termio foo;
foo.c_ispeed = B38400;
foo.c_ospeed = B9600;

  ;
  return 0;
}
configure:8628: result: no
configure:8705: checking for grantpt
configure:8742: tcc -o conftest   -D_GNU_SOURCE   conftest.c -lXaw -lXmu -lXext -lXt  -lSM -lICE -lX11  -ltermcap   >&5
configure:8745: $? = 0
configure:8748: test -s conftest
configure:8751: $? = 0
configure:8761: result: yes
configure:8834: checking for XKB Bell extension
configure:8862: tcc -o conftest   -D_GNU_SOURCE   conftest.c -lXaw -lXmu -lXext -lXt  -lSM -lICE -lX11  -ltermcap   >&5
configure:8844: error: include file 'X11/extensions/XKBbells.h' not found
configure:8865: $? = 1
configure: failed program was:
#line 8841 "configure"
#include "confdefs.h"

#include <X11/XKBlib.h>		/* has the prototype */
#include <X11/extensions/XKBbells.h>	/* has the XkbBI_xxx definitions */

int
main ()
{

int x = XkbBI_Info
	|XkbBI_MinorError
	|XkbBI_MajorError
	|XkbBI_TerminalBell
	|XkbBI_MarginBell;

  ;
  return 0;
}
configure:8882: result: no
configure:8892: checking for Xutf8LookupString
configure:8929: tcc -o conftest   -D_GNU_SOURCE   conftest.c -lXaw -lXmu -lXext -lXt  -lSM -lICE -lX11  -ltermcap   >&5
configure:8932: $? = 0
configure:8935: test -s conftest
configure:8938: $? = 0
configure:8948: result: yes
configure:8964: checking if you want narrow prototypes for X libraries
configure:8990: result: yes
configure:8993: checking if we should use imake to help
configure:9010: result: no
configure:9388: checking for default terminal-id
configure:9398: result: vt100
configure:9408: checking for default terminal-type
configure:9418: result: xterm
configure:9424: checking for private terminfo-directory
configure:9434: result: none
configure:9464: checking if you want active-icons
configure:9481: result: no
configure:9490: checking if you want ANSI color
configure:9507: result: no
configure:9596: checking if you want blinking cursor
configure:9613: result: no
configure:9619: checking if you want to ignore Linux's broken palette-strings
configure:9643: result: yes
configure:9657: checking if you want to allow broken string-terminators
configure:9674: result: no
configure:9680: checking if you want printable 128-159
configure:9697: result: yes
configure:9776: checking if you want support for color highlighting
configure:9793: result: no
configure:9799: checking if you want support for doublesize characters
configure:9816: result: no
configure:9822: checking if you want fallback-support for box characters
configure:9839: result: yes
configure:9845: checking if you want to use FreeType library
configure:9862: result: yes
configure:9870: checking if you specified -D/-I options for FreeType
configure:9880: result: no
configure:9883: checking if you specified -L/-l options for FreeType
configure:9893: result: no
configure:9898: checking for pkg-config
configure:9915: found /usr/bin/pkg-config
configure:9927: result: /usr/bin/pkg-config
configure:9940: checking for xft-config
configure:9969: result: none
configure:9982: checking for freetype-config
configure:10011: result: none
configure:10052: checking if we can link with FreeType libraries
configure:10078: tcc -o conftest    -DNARROWPROTO=1 -DFUNCPROTO=15 -DOSMAJORVERSION=5 -DOSMINORVERSION=10  -D_GNU_SOURCE   conftest.c -lXft -lXaw -lXmu -lXext -lXt  -lSM -lICE -lX11  -ltermcap   >&5
configure:10066: error: include file 'X11/Xft/Xft.h' not found
configure:10081: $? = 1
configure: failed program was:
#line 10062 "configure"
#include "confdefs.h"

#include <X11/Xlib.h>
#include <X11/extensions/Xrender.h>
#include <X11/Xft/Xft.h>
int
main ()
{

	XftPattern  *pat = XftNameParse ("name");
  ;
  return 0;
}
configure:10096: result: no
configure:10178: WARNING: No libraries found for FreeType
configure:10189: checking if you want support for HP-style function keys
configure:10206: result: no
configure:10215: checking if you want support for SCO-style function keys
configure:10232: result: no
configure:10241: checking if you want support for Sun-style function keys
configure:10258: result: yes
configure:10267: checking if you want support for internationalization
configure:10284: result: yes
configure:10293: checking if you want support for initial-erase setup
configure:10310: result: yes
configure:10319: checking if you want support for input-method
configure:10336: result: yes
configure:10339: checking if X libraries support input-method
configure:10378: tcc -o conftest   -DNARROWPROTO=1 -DFUNCPROTO=15 -DOSMAJORVERSION=5 -DOSMINORVERSION=10  -D_GNU_SOURCE   conftest.c -lXaw -lXmu -lXext -lXt  -lSM -lICE -lX11  -ltermcap   >&5
configure:10381: $? = 0
configure:10384: test -s conftest
configure:10387: $? = 0
configure:10397: result: yes
configure:10408: checking if you want support for load-vt-fonts
configure:10425: result: no
configure:10434: checking if you want support for logging
configure:10451: result: no
configure:10485: checking if you want support for iconify/maximize translations
configure:10502: result: yes
configure:10508: checking if you want NumLock to override keyboard tables
configure:10525: result: yes
configure:10531: checking if you want support for get/set of base64 selection data
configure:10548: result: no
configure:10562: checking if you want support for pty-handshaking
configure:10579: result: yes
configure:10593: checking if you want support for mouse in readline applications
configure:10610: result: no
configure:10619: checking if you want support for regular-expression selections
configure:10636: result: yes
configure:10640: checking if you want to use PCRE for regular-expressions
configure:10649: result: no
configure:10822: checking for regular-expression headers
configure:10847: tcc -o conftest   -DNARROWPROTO=1 -DFUNCPROTO=15 -DOSMAJORVERSION=5 -DOSMINORVERSION=10  -D_GNU_SOURCE   conftest.c -lXaw -lXmu -lXext -lXt  -lSM -lICE -lX11  -ltermcap   >&5
configure:10850: $? = 0
configure:10853: test -s conftest
configure:10856: $? = 0
configure:10938: result: regex.h
configure:10967: checking if you want support for right-scrollbar
configure:10984: result: no
configure:10993: checking if you want check for redundant name-change
configure:11010: result: yes
configure:11016: checking if you want support for session management
configure:11033: result: yes
configure:11039: checking if you want to use termcap-query/report
configure:11056: result: no
configure:11062: checking if you want support for tek4014
configure:11079: result: no
configure:11092: checking if you want pulldown menus with a toolbar
configure:11109: result: no
configure:11118: checking if you want VT52 emulation
configure:11135: result: yes
configure:11141: checking if you want to use mini-luit/Latin9 built-in support
configure:11158: result: no
configure:11167: checking if you want to use luit
configure:11184: result: no
configure:11309: checking if you want wide-character support
configure:11326: result: yes
configure:11338: checking if you want dynamic-abbreviation support
configure:11355: result: no
configure:11364: checking if you want DECterm Locator support
configure:11381: result: no
configure:11390: checking if you want VT420 rectangle support
configure:11407: result: no
configure:11416: checking if you want -ziconbeep option
configure:11433: result: no
configure:11441: checking if you want debugging traces
configure:11458: result: no
configure:11469: checking if you want to test memory leaks
configure:11486: result: no
configure:11495: checking if you want to see long compiling messages
configure:11529: result: yes
configure:11532: checking if you want magic cookie emulation
configure:11549: result: no
configure:11930: creating ./config.status

## ----------------------- ##
## Running config.status.  ##
## ----------------------- ##

This file was extended by config.status 2.52.20030208, executed with
  CONFIG_FILES    = 
  CONFIG_HEADERS  = 
  CONFIG_LINKS    = 
  CONFIG_COMMANDS = 
  > ./config.status 
on ab

config.status:12411: creating Makefile
config.status:12508: creating xtermcfg.h
config.status:12650: xtermcfg.h is unchanged

## ----------------- ##
## Cache variables.  ##
## ----------------- ##

ac_cv_build='x86_64-unknown-linux-gnu'
ac_cv_build_alias='x86_64-unknown-linux-gnu'
ac_cv_c_compiler_gnu='no'
ac_cv_c_const='yes'
ac_cv_env_CC_set='set'
ac_cv_env_CC_value='tcc'
ac_cv_env_CFLAGS_set=''
ac_cv_env_CFLAGS_value=''
ac_cv_env_CPPFLAGS_set=''
ac_cv_env_CPPFLAGS_value=''
ac_cv_env_CPP_set=''
ac_cv_env_CPP_value=''
ac_cv_env_LDFLAGS_set=''
ac_cv_env_LDFLAGS_value=''
ac_cv_env_build_alias_set=''
ac_cv_env_build_alias_value=''
ac_cv_env_host_alias_set=''
ac_cv_env_host_alias_value=''
ac_cv_env_target_alias_set=''
ac_cv_env_target_alias_value=''
ac_cv_func_XOpenDisplay='no'
ac_cv_func_XtAppInitialize='no'
ac_cv_func_Xutf8LookupString='yes'
ac_cv_func_bcopy='yes'
ac_cv_func_connect='yes'
ac_cv_func_gethostbyname='yes'
ac_cv_func_gethostname='yes'
ac_cv_func_getlogin='yes'
ac_cv_func_grantpt='yes'
ac_cv_func_memmove='yes'
ac_cv_func_putenv='yes'
ac_cv_func_remove='yes'
ac_cv_func_sched_yield='yes'
ac_cv_func_shmat='yes'
ac_cv_func_strerror='yes'
ac_cv_func_strftime='yes'
ac_cv_func_tcgetattr='yes'
ac_cv_func_waitpid='yes'
ac_cv_func_wcswidth='yes'
ac_cv_func_wcwidth='yes'
ac_cv_have_x='have_x=yes 		ac_x_includes= ac_x_libraries='
ac_cv_header_X11_DECkeysym_h='yes'
ac_cv_header_X11_Intrinsic_h='yes'
ac_cv_header_X11_Sunkeysym_h='yes'
ac_cv_header_X11_Xpoll_h='yes'
ac_cv_header_inttypes_h='yes'
ac_cv_header_lastlog_h='yes'
ac_cv_header_memory_h='yes'
ac_cv_header_ncurses_term_h='no'
ac_cv_header_paths_h='yes'
ac_cv_header_stdc='yes'
ac_cv_header_stdint_h='yes'
ac_cv_header_stdlib_h='yes'
ac_cv_header_string_h='yes'
ac_cv_header_strings_h='yes'
ac_cv_header_sys_param_h='yes'
ac_cv_header_sys_stat_h='yes'
ac_cv_header_sys_types_h='yes'
ac_cv_header_sys_wait_h='yes'
ac_cv_header_termcap_h='yes'
ac_cv_header_termios_h='yes'
ac_cv_header_time='yes'
ac_cv_header_unistd_h='yes'
ac_cv_header_wchar_h='yes'
ac_cv_host='x86_64-unknown-linux-gnu'
ac_cv_host_alias='x86_64-unknown-linux-gnu'
ac_cv_lib_ICE_IceConnectionNumber='yes'
ac_cv_lib_X11_XOpenDisplay='yes'
ac_cv_lib_Xext_XextCreateExtension='yes'
ac_cv_lib_Xt_XtAppInitialize='yes'
ac_cv_lib_elf_elf_begin='no'
ac_cv_objext='o'
ac_cv_path_FREETYPE_OLD_CONFIG='none'
ac_cv_path_FREETYPE_PKG_CONFIG='/usr/bin/pkg-config'
ac_cv_path_FREETYPE_XFT_CONFIG='none'
ac_cv_path_XTERM_PATH='/usr/local/bin/xterm'
ac_cv_path_install='/usr/bin/install -c'
ac_cv_prog_AWK='mawk'
ac_cv_prog_CPP='tcc -E'
ac_cv_prog_ac_ct_CC='tcc'
ac_cv_prog_cc_g='yes'
ac_cv_prog_cc_stdc=''
ac_cv_type_mode_t='yes'
ac_cv_type_off_t='yes'
ac_cv_type_pid_t='yes'
ac_cv_type_time_t='yes'
ac_cv_type_uid_t='yes'
am_cv_langinfo_codeset='yes'
cf_cv_ansi_cc='-DCC_HAS_PROTOS'
cf_cv_cc_u_d_options='yes'
cf_cv_dcl_errno='yes'
cf_cv_dcl_sys_errlist='yes'
cf_cv_dcl_sys_nerr='yes'
cf_cv_define_sigwinch='yes'
cf_cv_found_freetype='no'
cf_cv_gnu_source='yes'
cf_cv_have_errno='yes'
cf_cv_have_sys_errlist='yes'
cf_cv_have_sys_nerr='yes'
cf_cv_have_utmp='utmp'
cf_cv_have_utmp_ut_host='yes'
cf_cv_have_utmp_ut_name='ut_name'
cf_cv_have_utmp_ut_session='yes'
cf_cv_have_utmp_ut_xstatus='ut_exit.e_exit'
cf_cv_have_utmp_ut_xtime='yes'
cf_cv_input_method='yes'
cf_cv_lib_part_tgetent='-ltermcap'
cf_cv_lib_tgetent='no'
cf_cv_path_lastlog='_PATH_LASTLOG'
cf_cv_posix_saved_ids='yes'
cf_cv_posix_wait='yes'
cf_cv_regex='regex.h'
cf_cv_sig_atomic_t='volatile sig_atomic_t'
cf_cv_struct_lastlog='no'
cf_cv_system_name='linux-gnu'
cf_cv_sysv='no'
cf_cv_sysv_utmp='yes'
cf_cv_termio_c_ispeed='no'
cf_cv_tty_group='yes'
cf_cv_tty_group_name='tty'
cf_cv_type_fd_set='sys/types.h'
cf_cv_type_size_t='yes'
cf_cv_x_freetype_incs=''
cf_cv_x_freetype_libs='-lXft'
cf_cv_xkb_bell_ext='no'

## ------------ ##
## confdefs.h.  ##
## ------------ ##

#define SYSTEM_NAME "linux-gnu"
#define CC_HAS_PROTOS 1
#define HAVE_STDLIB_H 1
#define HAVE_TERMIOS_H 1
#define HAVE_UNISTD_H 1
#define HAVE_WCHAR_H 1
#define TIME_WITH_SYS_TIME 1
#define HAVE_LANGINFO_CODESET 1
#define SIG_ATOMIC_T volatile sig_atomic_t
#define STDC_HEADERS 1
#define HAVE_SYS_TYPES_H 1
#define HAVE_SYS_STAT_H 1
#define HAVE_STDLIB_H 1
#define HAVE_STRING_H 1
#define HAVE_MEMORY_H 1
#define HAVE_STRINGS_H 1
#define HAVE_INTTYPES_H 1
#define HAVE_STDINT_H 1
#define HAVE_UNISTD_H 1
#define HAVE_BCOPY 1
#define HAVE_GETHOSTNAME 1
#define HAVE_GETLOGIN 1
#define HAVE_MEMMOVE 1
#define HAVE_PUTENV 1
#define HAVE_SCHED_YIELD 1
#define HAVE_STRERROR 1
#define HAVE_STRFTIME 1
#define HAVE_TCGETATTR 1
#define HAVE_WAITPID 1
#define HAVE_WCSWIDTH 1
#define HAVE_WCWIDTH 1
#define HAVE_LASTLOG_H 1
#define HAVE_PATHS_H 1
#define USE_LASTLOG 1
#define HAVE_UTMP 1
#define HAVE_UTMP_UT_HOST 1
#define HAVE_UTMP_UT_XSTATUS 1
#define ut_xstatus ut_exit.e_exit
#define HAVE_UTMP_UT_XTIME 1
#define HAVE_UTMP_UT_SESSION 1
#define USE_SYSV_UTMP 1
#define HAVE_LASTLOG_H 1
#define HAVE_SYS_PARAM_H 1
#define HAVE_POSIX_SAVED_IDS 1
#define HAVE_TERMCAP_H 1
#define USE_TERMINFO 1
#define XTERM_PATH_PATH "/usr/local/bin/xterm"
#define HAVE_ERRNO 1
#define TTY_GROUP_NAME "tty"
#define USE_TTY_GROUP 1
#define HAVE_SYS_WAIT_H 1
#define USE_POSIX_WAIT 1
#define HAVE_SYS_NERR 1
#define HAVE_SYS_ERRLIST 1
#define HAVE_TERMIOS_H 1
#define HAVE_STDLIB_H 1
#define HAVE_X11_INTRINSIC_H 1
#define HAVE_LIBXT 1
#define HAVE_X11_DECKEYSYM_H 1
#define HAVE_X11_SUNKEYSYM_H 1
#define HAVE_X11_XPOLL_H 1
#define HAVE_LIB_XAW 1
#define HAVE_GRANTPT 1
#define HAVE_XUTF8LOOKUPSTRING 1
#define DFT_DECID "100"
#define DFT_TERMTYPE "xterm"
#define NO_ACTIVE_ICON 1
#define OPT_ISO_COLORS 0
#define OPT_BLINK_CURS 0
#define OPT_BROKEN_OSC 1
#define OPT_BROKEN_ST 0
#define OPT_HIGHLIGHT_COLOR 0
#define OPT_DEC_CHRSET 0
#define OPT_PASTE64 0
#define OPT_PTY_HANDSHAKE 1
#define HAVE_REGEX_H_FUNCS 1
#define OPT_SELECT_REGEX 1
#define OPT_TEK4014 0
#define OPT_WIDE_CHARS 1
#define OPT_ZICONBEEP 0


configure: exit 0
